# JRE version: OpenJDK Runtime Environment (11.0.8+10) (build 11.0.8+10-b944.6842174)
# Java VM: OpenJDK 64-Bit Server VM (11.0.8+10-b944.6842174, mixed mode, tiered, compressed oops, g1 gc, windows-amd64)
Heap:
 garbage-first heap   total 155648K, used 107666K [0x0000000080000000, 0x0000000100000000)
  region size 1024K, 22 young (22528K), 1 survivors (1024K)
 Metaspace       used 102721K, capacity 105258K, committed 105424K, reserved 1140736K
  class space    used 12924K, capacity 13846K, committed 13952K, reserved 1048576K
GC Heap History (20 events):
Event: 62.528 GC heap before
{Heap before GC invocations=23 (full 0):
 garbage-first heap   total 155648K, used 126136K [0x0000000080000000, 0x0000000100000000)
  region size 1024K, 50 young (51200K), 6 survivors (6144K)
 Metaspace       used 93308K, capacity 95453K, committed 96080K, reserved 1132544K
  class space    used 11609K, capacity 12368K, committed 12544K, reserved 1048576K
}
Event: 62.555 GC heap after
{Heap after GC invocations=24 (full 0):
 garbage-first heap   total 155648K, used 88054K [0x0000000080000000, 0x0000000100000000)
  region size 1024K, 7 young (7168K), 7 survivors (7168K)
 Metaspace       used 93308K, capacity 95453K, committed 96080K, reserved 1132544K
  class space    used 11609K, capacity 12368K, committed 12544K, reserved 1048576K
}
Event: 63.007 GC heap before
{Heap before GC invocations=25 (full 0):
 garbage-first heap   total 155648K, used 124918K [0x0000000080000000, 0x0000000100000000)
  region size 1024K, 44 young (45056K), 7 survivors (7168K)
 Metaspace       used 93645K, capacity 95935K, committed 96336K, reserved 1132544K
  class space    used 11624K, capacity 12377K, committed 12544K, reserved 1048576K
}
Event: 63.015 GC heap after
{Heap after GC invocations=26 (full 0):
 garbage-first heap   total 155648K, used 90112K [0x0000000080000000, 0x0000000100000000)
  region size 1024K, 3 young (3072K), 3 survivors (3072K)
 Metaspace       used 93645K, capacity 95935K, committed 96336K, reserved 1132544K
  class space    used 11624K, capacity 12377K, committed 12544K, reserved 1048576K
}
Event: 63.035 GC heap before
{Heap before GC invocations=26 (full 0):
 garbage-first heap   total 155648K, used 94208K [0x0000000080000000, 0x0000000100000000)
  region size 1024K, 7 young (7168K), 3 survivors (3072K)
 Metaspace       used 93645K, capacity 95935K, committed 96336K, reserved 1132544K
  class space    used 11624K, capacity 12377K, committed 12544K, reserved 1048576K
}
Event: 63.042 GC heap after
{Heap after GC invocations=27 (full 0):
 garbage-first heap   total 155648K, used 88306K [0x0000000080000000, 0x0000000100000000)
  region size 1024K, 1 young (1024K), 1 survivors (1024K)
 Metaspace       used 93645K, capacity 95935K, committed 96336K, reserved 1132544K
  class space    used 11624K, capacity 12377K, committed 12544K, reserved 1048576K
}
Event: 63.246 GC heap before
{Heap before GC invocations=27 (full 0):
 garbage-first heap   total 155648K, used 124146K [0x0000000080000000, 0x0000000100000000)
  region size 1024K, 37 young (37888K), 1 survivors (1024K)
 Metaspace       used 93940K, capacity 96137K, committed 96592K, reserved 1134592K
  class space    used 11671K, capacity 12421K, committed 12544K, reserved 1048576K
}
Event: 63.250 GC heap after
{Heap after GC invocations=28 (full 0):
 garbage-first heap   total 155648K, used 89794K [0x0000000080000000, 0x0000000100000000)
  region size 1024K, 3 young (3072K), 3 survivors (3072K)
 Metaspace       used 93940K, capacity 96137K, committed 96592K, reserved 1134592K
  class space    used 11671K, capacity 12421K, committed 12544K, reserved 1048576K
}
Event: 63.347 GC heap before
{Heap before GC invocations=28 (full 0):
 garbage-first heap   total 155648K, used 124610K [0x0000000080000000, 0x0000000100000000)
  region size 1024K, 39 young (39936K), 3 survivors (3072K)
 Metaspace       used 93946K, capacity 96137K, committed 96592K, reserved 1134592K
  class space    used 11671K, capacity 12421K, committed 12544K, reserved 1048576K
}
Event: 63.350 GC heap after
{Heap after GC invocations=29 (full 0):
 garbage-first heap   total 155648K, used 89384K [0x0000000080000000, 0x0000000100000000)
  region size 1024K, 3 young (3072K), 3 survivors (3072K)
 Metaspace       used 93946K, capacity 96137K, committed 96592K, reserved 1134592K
  class space    used 11671K, capacity 12421K, committed 12544K, reserved 1048576K
}
Event: 63.421 GC heap before
{Heap before GC invocations=30 (full 0):
 garbage-first heap   total 155648K, used 127272K [0x0000000080000000, 0x0000000100000000)
  region size 1024K, 41 young (41984K), 3 survivors (3072K)
 Metaspace       used 93947K, capacity 96137K, committed 96592K, reserved 1134592K
  class space    used 11671K, capacity 12421K, committed 12544K, reserved 1048576K
}
Event: 63.424 GC heap after
{Heap after GC invocations=31 (full 0):
 garbage-first heap   total 155648K, used 89733K [0x0000000080000000, 0x0000000100000000)
  region size 1024K, 3 young (3072K), 3 survivors (3072K)
 Metaspace       used 93947K, capacity 96137K, committed 96592K, reserved 1134592K
  class space    used 11671K, capacity 12421K, committed 12544K, reserved 1048576K
}
Event: 63.429 GC heap before
{Heap before GC invocations=31 (full 0):
 garbage-first heap   total 155648K, used 92805K [0x0000000080000000, 0x0000000100000000)
  region size 1024K, 7 young (7168K), 3 survivors (3072K)
 Metaspace       used 93947K, capacity 96137K, committed 96592K, reserved 1134592K
  class space    used 11671K, capacity 12421K, committed 12544K, reserved 1048576K
}
Event: 63.438 GC heap after
{Heap after GC invocations=32 (full 0):
 garbage-first heap   total 155648K, used 77410K [0x0000000080000000, 0x0000000100000000)
  region size 1024K, 1 young (1024K), 1 survivors (1024K)
 Metaspace       used 93947K, capacity 96137K, committed 96592K, reserved 1134592K
  class space    used 11671K, capacity 12421K, committed 12544K, reserved 1048576K
}
Event: 63.515 GC heap before
{Heap before GC invocations=32 (full 0):
 garbage-first heap   total 155648K, used 109154K [0x0000000080000000, 0x0000000100000000)
  region size 1024K, 34 young (34816K), 1 survivors (1024K)
 Metaspace       used 94010K, capacity 96239K, committed 96720K, reserved 1134592K
  class space    used 11682K, capacity 12455K, committed 12672K, reserved 1048576K
}
Event: 63.521 GC heap after
{Heap after GC invocations=33 (full 0):
 garbage-first heap   total 155648K, used 80027K [0x0000000080000000, 0x0000000100000000)
  region size 1024K, 4 young (4096K), 4 survivors (4096K)
 Metaspace       used 94010K, capacity 96239K, committed 96720K, reserved 1134592K
  class space    used 11682K, capacity 12455K, committed 12672K, reserved 1048576K
}
Event: 64.797 GC heap before
{Heap before GC invocations=34 (full 0):
 garbage-first heap   total 155648K, used 125083K [0x0000000080000000, 0x0000000100000000)
  region size 1024K, 47 young (48128K), 4 survivors (4096K)
 Metaspace       used 101081K, capacity 103639K, committed 103888K, reserved 1140736K
  class space    used 12779K, capacity 13677K, committed 13696K, reserved 1048576K
}
Event: 64.806 GC heap after
{Heap after GC invocations=35 (full 0):
 garbage-first heap   total 155648K, used 86976K [0x0000000080000000, 0x0000000100000000)
  region size 1024K, 6 young (6144K), 6 survivors (6144K)
 Metaspace       used 101081K, capacity 103639K, committed 103888K, reserved 1140736K
  class space    used 12779K, capacity 13677K, committed 13696K, reserved 1048576K
}
Event: 64.814 GC heap before
{Heap before GC invocations=35 (full 0):
 garbage-first heap   total 155648K, used 88000K [0x0000000080000000, 0x0000000100000000)
  region size 1024K, 7 young (7168K), 6 survivors (6144K)
 Metaspace       used 101135K, capacity 103674K, committed 104016K, reserved 1140736K
  class space    used 12788K, capacity 13710K, committed 13824K, reserved 1048576K
}
Event: 64.820 GC heap after
{Heap after GC invocations=36 (full 0):
 garbage-first heap   total 155648K, used 87186K [0x0000000080000000, 0x0000000100000000)
  region size 1024K, 1 young (1024K), 1 survivors (1024K)
 Metaspace       used 101135K, capacity 103674K, committed 104016K, reserved 1140736K
  class space    used 12788K, capacity 13710K, committed 13824K, reserved 1048576K
}

